1569478417699	mozrunner::runner	INFO	Running command: "/usr/bin/firefox" "-marionette" "-foreground" "-no-remote" "-profile" "/tmp/rust_mozprofile.2b0SgOmeMFzn"
1569478418639	addons.webextension.screenshots@mozilla.org	WARN	Loading extension 'screenshots@mozilla.org': Reading manifest: Invalid extension permission: mozillaAddons
1569478418639	addons.webextension.screenshots@mozilla.org	WARN	Loading extension 'screenshots@mozilla.org': Reading manifest: Invalid extension permission: telemetry
1569478418639	addons.webextension.screenshots@mozilla.org	WARN	Loading extension 'screenshots@mozilla.org': Reading manifest: Invalid extension permission: resource://pdf.js/
1569478418640	addons.webextension.screenshots@mozilla.org	WARN	Loading extension 'screenshots@mozilla.org': Reading manifest: Invalid extension permission: about:reader*
1569478420645	Marionette	INFO	Listening on port 33887
1569478420707	Marionette	WARN	TLS certificate errors will be ignored for this session
1569478421169	Marionette	INFO	Stopped listening on port 33887
1569478680219	mozrunner::runner	INFO	Running command: "/usr/bin/firefox" "-marionette" "-foreground" "-no-remote" "-profile" "/tmp/rust_mozprofile.Hjcl8RkDF7gz"
1569478680712	addons.webextension.screenshots@mozilla.org	WARN	Loading extension 'screenshots@mozilla.org': Reading manifest: Invalid extension permission: mozillaAddons
1569478680712	addons.webextension.screenshots@mozilla.org	WARN	Loading extension 'screenshots@mozilla.org': Reading manifest: Invalid extension permission: telemetry
1569478680712	addons.webextension.screenshots@mozilla.org	WARN	Loading extension 'screenshots@mozilla.org': Reading manifest: Invalid extension permission: resource://pdf.js/
1569478680713	addons.webextension.screenshots@mozilla.org	WARN	Loading extension 'screenshots@mozilla.org': Reading manifest: Invalid extension permission: about:reader*
1569478682511	Marionette	INFO	Listening on port 44653
1569478682540	Marionette	WARN	TLS certificate errors will be ignored for this session
1569478682967	Marionette	INFO	Stopped listening on port 44653
1569478690237	mozrunner::runner	INFO	Running command: "/usr/bin/firefox" "-marionette" "-foreground" "-no-remote" "-profile" "/tmp/rust_mozprofile.jwEORiYZd5fG"
1569478690733	addons.webextension.screenshots@mozilla.org	WARN	Loading extension 'screenshots@mozilla.org': Reading manifest: Invalid extension permission: mozillaAddons
1569478690733	addons.webextension.screenshots@mozilla.org	WARN	Loading extension 'screenshots@mozilla.org': Reading manifest: Invalid extension permission: telemetry
1569478690733	addons.webextension.screenshots@mozilla.org	WARN	Loading extension 'screenshots@mozilla.org': Reading manifest: Invalid extension permission: resource://pdf.js/
1569478690733	addons.webextension.screenshots@mozilla.org	WARN	Loading extension 'screenshots@mozilla.org': Reading manifest: Invalid extension permission: about:reader*
1569478692658	Marionette	INFO	Listening on port 34097
1569478692744	Marionette	WARN	TLS certificate errors will be ignored for this session
1569478693194	Marionette	INFO	Stopped listening on port 34097
1569478812893	mozrunner::runner	INFO	Running command: "/usr/bin/firefox" "-marionette" "-foreground" "-no-remote" "-profile" "/tmp/rust_mozprofile.H5CmVXtNJ1Yg"
1569478813364	addons.webextension.screenshots@mozilla.org	WARN	Loading extension 'screenshots@mozilla.org': Reading manifest: Invalid extension permission: mozillaAddons
1569478813364	addons.webextension.screenshots@mozilla.org	WARN	Loading extension 'screenshots@mozilla.org': Reading manifest: Invalid extension permission: telemetry
1569478813364	addons.webextension.screenshots@mozilla.org	WARN	Loading extension 'screenshots@mozilla.org': Reading manifest: Invalid extension permission: resource://pdf.js/
1569478813364	addons.webextension.screenshots@mozilla.org	WARN	Loading extension 'screenshots@mozilla.org': Reading manifest: Invalid extension permission: about:reader*
1569478815055	Marionette	INFO	Listening on port 38323
1569478815103	Marionette	WARN	TLS certificate errors will be ignored for this session
JavaScript error: https://cdnjs.cloudflare.com/ajax/libs/tocbot/4.4.2/tocbot.min.js, line 1: TypeError: a is null
1569478816388	Marionette	INFO	Stopped listening on port 38323
1569478860831	mozrunner::runner	INFO	Running command: "/usr/bin/firefox" "-marionette" "-foreground" "-no-remote" "-profile" "/tmp/rust_mozprofile.HwsCLeFXCvt8"
1569478861293	addons.webextension.screenshots@mozilla.org	WARN	Loading extension 'screenshots@mozilla.org': Reading manifest: Invalid extension permission: mozillaAddons
1569478861293	addons.webextension.screenshots@mozilla.org	WARN	Loading extension 'screenshots@mozilla.org': Reading manifest: Invalid extension permission: telemetry
1569478861294	addons.webextension.screenshots@mozilla.org	WARN	Loading extension 'screenshots@mozilla.org': Reading manifest: Invalid extension permission: resource://pdf.js/
1569478861294	addons.webextension.screenshots@mozilla.org	WARN	Loading extension 'screenshots@mozilla.org': Reading manifest: Invalid extension permission: about:reader*
1569478862981	Marionette	INFO	Listening on port 33547
1569478863039	Marionette	WARN	TLS certificate errors will be ignored for this session
JavaScript error: https://cdnjs.cloudflare.com/ajax/libs/tocbot/4.4.2/tocbot.min.js, line 1: TypeError: a is null
1569478864545	Marionette	INFO	Stopped listening on port 33547
1569479629335	mozrunner::runner	INFO	Running command: "/usr/bin/firefox" "-marionette" "-foreground" "-no-remote" "-profile" "/tmp/rust_mozprofile.iujGmonXlNZZ"
1569479629811	addons.webextension.screenshots@mozilla.org	WARN	Loading extension 'screenshots@mozilla.org': Reading manifest: Invalid extension permission: mozillaAddons
1569479629811	addons.webextension.screenshots@mozilla.org	WARN	Loading extension 'screenshots@mozilla.org': Reading manifest: Invalid extension permission: telemetry
1569479629812	addons.webextension.screenshots@mozilla.org	WARN	Loading extension 'screenshots@mozilla.org': Reading manifest: Invalid extension permission: resource://pdf.js/
1569479629812	addons.webextension.screenshots@mozilla.org	WARN	Loading extension 'screenshots@mozilla.org': Reading manifest: Invalid extension permission: about:reader*
1569479631469	Marionette	INFO	Listening on port 38013
1569479631543	Marionette	WARN	TLS certificate errors will be ignored for this session
1569479631591	Marionette	INFO	Stopped listening on port 38013
[Parent 7741, Gecko_IOThread] WARNING: pipe error (81): Connection reset by peer: file /build/firefox-y_KX3Y/firefox-69.0.1+build1/ipc/chromium/src/chrome/common/ipc_channel_posix.cc, line 358
1569479645736	mozrunner::runner	INFO	Running command: "/usr/bin/firefox" "-marionette" "-foreground" "-no-remote" "-profile" "/tmp/rust_mozprofile.yGPskF1leWTb"
1569479646204	addons.webextension.screenshots@mozilla.org	WARN	Loading extension 'screenshots@mozilla.org': Reading manifest: Invalid extension permission: mozillaAddons
1569479646204	addons.webextension.screenshots@mozilla.org	WARN	Loading extension 'screenshots@mozilla.org': Reading manifest: Invalid extension permission: telemetry
1569479646204	addons.webextension.screenshots@mozilla.org	WARN	Loading extension 'screenshots@mozilla.org': Reading manifest: Invalid extension permission: resource://pdf.js/
1569479646204	addons.webextension.screenshots@mozilla.org	WARN	Loading extension 'screenshots@mozilla.org': Reading manifest: Invalid extension permission: about:reader*
1569479647902	Marionette	INFO	Listening on port 39603
1569479647949	Marionette	WARN	TLS certificate errors will be ignored for this session
JavaScript error: file:///home/olivier/Downloads/Digital%20image_files/tocbot.js, line 1: TypeError: a is null
JavaScript error: file:///home/olivier/Downloads/Digital%20image_files/tocbot.js, line 1: TypeError: a is null
1569479648785	Marionette	INFO	Stopped listening on port 39603
1569479665047	mozrunner::runner	INFO	Running command: "/usr/bin/firefox" "-marionette" "-foreground" "-no-remote" "-profile" "/tmp/rust_mozprofile.e6oUS1ht99nC"
1569479665516	addons.webextension.screenshots@mozilla.org	WARN	Loading extension 'screenshots@mozilla.org': Reading manifest: Invalid extension permission: mozillaAddons
1569479665516	addons.webextension.screenshots@mozilla.org	WARN	Loading extension 'screenshots@mozilla.org': Reading manifest: Invalid extension permission: telemetry
1569479665517	addons.webextension.screenshots@mozilla.org	WARN	Loading extension 'screenshots@mozilla.org': Reading manifest: Invalid extension permission: resource://pdf.js/
1569479665517	addons.webextension.screenshots@mozilla.org	WARN	Loading extension 'screenshots@mozilla.org': Reading manifest: Invalid extension permission: about:reader*
1569479667182	Marionette	INFO	Listening on port 36719
1569479667256	Marionette	WARN	TLS certificate errors will be ignored for this session
JavaScript error: file:///home/olivier/Downloads/Digital%20image_files/tocbot.js, line 1: TypeError: a is null
JavaScript error: file:///home/olivier/Downloads/Digital%20image_files/tocbot.js, line 1: TypeError: a is null
1569479668102	Marionette	INFO	Stopped listening on port 36719
1569479750184	mozrunner::runner	INFO	Running command: "/usr/bin/firefox" "-marionette" "-foreground" "-no-remote" "-profile" "/tmp/rust_mozprofile.D6l6hhaaBJHL"
1569479750655	addons.webextension.screenshots@mozilla.org	WARN	Loading extension 'screenshots@mozilla.org': Reading manifest: Invalid extension permission: mozillaAddons
1569479750656	addons.webextension.screenshots@mozilla.org	WARN	Loading extension 'screenshots@mozilla.org': Reading manifest: Invalid extension permission: telemetry
1569479750656	addons.webextension.screenshots@mozilla.org	WARN	Loading extension 'screenshots@mozilla.org': Reading manifest: Invalid extension permission: resource://pdf.js/
1569479750656	addons.webextension.screenshots@mozilla.org	WARN	Loading extension 'screenshots@mozilla.org': Reading manifest: Invalid extension permission: about:reader*
1569479752356	Marionette	INFO	Listening on port 39165
1569479752395	Marionette	WARN	TLS certificate errors will be ignored for this session
1569479752833	Marionette	INFO	Stopped listening on port 39165
1569479779254	mozrunner::runner	INFO	Running command: "/usr/bin/firefox" "-marionette" "-foreground" "-no-remote" "-profile" "/tmp/rust_mozprofile.VOdihQevwax2"
1569479779722	addons.webextension.screenshots@mozilla.org	WARN	Loading extension 'screenshots@mozilla.org': Reading manifest: Invalid extension permission: mozillaAddons
1569479779722	addons.webextension.screenshots@mozilla.org	WARN	Loading extension 'screenshots@mozilla.org': Reading manifest: Invalid extension permission: telemetry
1569479779722	addons.webextension.screenshots@mozilla.org	WARN	Loading extension 'screenshots@mozilla.org': Reading manifest: Invalid extension permission: resource://pdf.js/
1569479779722	addons.webextension.screenshots@mozilla.org	WARN	Loading extension 'screenshots@mozilla.org': Reading manifest: Invalid extension permission: about:reader*
1569479781451	Marionette	INFO	Listening on port 37831
1569479781482	Marionette	WARN	TLS certificate errors will be ignored for this session
1569479781934	Marionette	INFO	Stopped listening on port 37831
1569506246780	mozrunner::runner	INFO	Running command: "/usr/bin/firefox" "-marionette" "-foreground" "-no-remote" "-profile" "/tmp/rust_mozprofile.cJSlZNDnTLyV"
1569506247269	addons.webextension.screenshots@mozilla.org	WARN	Loading extension 'screenshots@mozilla.org': Reading manifest: Invalid extension permission: mozillaAddons
1569506247269	addons.webextension.screenshots@mozilla.org	WARN	Loading extension 'screenshots@mozilla.org': Reading manifest: Invalid extension permission: telemetry
1569506247269	addons.webextension.screenshots@mozilla.org	WARN	Loading extension 'screenshots@mozilla.org': Reading manifest: Invalid extension permission: resource://pdf.js/
1569506247269	addons.webextension.screenshots@mozilla.org	WARN	Loading extension 'screenshots@mozilla.org': Reading manifest: Invalid extension permission: about:reader*
1569506249053	Marionette	INFO	Listening on port 39329
1569506249088	Marionette	WARN	TLS certificate errors will be ignored for this session
JavaScript error: https://cdnjs.cloudflare.com/ajax/libs/tocbot/4.4.2/tocbot.min.js, line 1: TypeError: a is null
1569506250085	Marionette	INFO	Stopped listening on port 39329
JavaScript error: https://cdnjs.cloudflare.com/ajax/libs/mathjax/2.7.6/MathJax.js?config=TeX-AMS_HTML&latest, line 19: NS_ERROR_NOT_INITIALIZED: 
1569506312567	mozrunner::runner	INFO	Running command: "/usr/bin/firefox" "-marionette" "-foreground" "-no-remote" "-profile" "/tmp/rust_mozprofile.SxmO9SrUQPlG"
1569506313063	addons.webextension.screenshots@mozilla.org	WARN	Loading extension 'screenshots@mozilla.org': Reading manifest: Invalid extension permission: mozillaAddons
1569506313063	addons.webextension.screenshots@mozilla.org	WARN	Loading extension 'screenshots@mozilla.org': Reading manifest: Invalid extension permission: telemetry
1569506313063	addons.webextension.screenshots@mozilla.org	WARN	Loading extension 'screenshots@mozilla.org': Reading manifest: Invalid extension permission: resource://pdf.js/
1569506313064	addons.webextension.screenshots@mozilla.org	WARN	Loading extension 'screenshots@mozilla.org': Reading manifest: Invalid extension permission: about:reader*
1569506314818	Marionette	INFO	Listening on port 33869
1569506314874	Marionette	WARN	TLS certificate errors will be ignored for this session
JavaScript error: https://cdnjs.cloudflare.com/ajax/libs/tocbot/4.4.2/tocbot.min.js, line 1: TypeError: a is null
JavaScript error: https://cdnjs.cloudflare.com/ajax/libs/tocbot/4.4.2/tocbot.min.js, line 1: TypeError: a is null
1569506317163	Marionette	INFO	Stopped listening on port 33869
JavaScript error: https://cdnjs.cloudflare.com/ajax/libs/mathjax/2.7.6/MathJax.js?config=TeX-AMS_HTML&latest, line 19: NS_ERROR_NOT_INITIALIZED: 
1569506326005	mozrunner::runner	INFO	Running command: "/usr/bin/firefox" "-marionette" "-foreground" "-no-remote" "-profile" "/tmp/rust_mozprofile.LAPN4ZckOZmI"
1569506326489	addons.webextension.screenshots@mozilla.org	WARN	Loading extension 'screenshots@mozilla.org': Reading manifest: Invalid extension permission: mozillaAddons
1569506326489	addons.webextension.screenshots@mozilla.org	WARN	Loading extension 'screenshots@mozilla.org': Reading manifest: Invalid extension permission: telemetry
1569506326489	addons.webextension.screenshots@mozilla.org	WARN	Loading extension 'screenshots@mozilla.org': Reading manifest: Invalid extension permission: resource://pdf.js/
1569506326489	addons.webextension.screenshots@mozilla.org	WARN	Loading extension 'screenshots@mozilla.org': Reading manifest: Invalid extension permission: about:reader*
1569506328251	Marionette	INFO	Listening on port 37853
1569506328313	Marionette	WARN	TLS certificate errors will be ignored for this session
JavaScript error: https://cdnjs.cloudflare.com/ajax/libs/tocbot/4.4.2/tocbot.min.js, line 1: TypeError: a is null
1569506329424	Marionette	INFO	Stopped listening on port 37853
